Classic Timing Analyzer report for Lab1v10_OPDS
Mon Oct 27 12:17:58 2025
Quartus II Version 9.1 Build 350 03/24/2010 Service Pack 2 SJ Web Edition


---------------------
; Table of Contents ;
---------------------
  1. Legal Notice
  2. Timing Analyzer Summary
  3. Timing Analyzer Settings
  4. Clock Settings Summary
  5. Parallel Compilation
  6. Clock Setup: 'CLK'
  7. tsu
  8. tco
  9. th
 10. Timing Analyzer Messages



----------------
; Legal Notice ;
----------------
Copyright (C) 1991-2010 Altera Corporation
Your use of Altera Corporation's design tools, logic functions 
and other software and tools, and its AMPP partner logic 
functions, and any output files from any of the foregoing 
(including device programming or simulation files), and any 
associated documentation or information are expressly subject 
to the terms and conditions of the Altera Program License 
Subscription Agreement, Altera MegaCore Function License 
Agreement, or other applicable license agreement, including, 
without limitation, that your use is for the sole purpose of 
programming logic devices manufactured by Altera and sold by 
Altera or its authorized distributors.  Please refer to the 
applicable agreement for further details.



+--------------------------------------------------------------------------------------------------------------------------------------------------------------------------------------------------+
; Timing Analyzer Summary                                                                                                                                                                          ;
+------------------------------+-------+---------------+------------------------------------------------+-------------------------+-------------------------+------------+----------+--------------+
; Type                         ; Slack ; Required Time ; Actual Time                                    ; From                    ; To                      ; From Clock ; To Clock ; Failed Paths ;
+------------------------------+-------+---------------+------------------------------------------------+-------------------------+-------------------------+------------+----------+--------------+
; Worst-case tsu               ; N/A   ; None          ; 3.526 ns                                       ; DIR                     ; Task8:inst|Q1~DUPLICATE ; --         ; CLK      ; 0            ;
; Worst-case tco               ; N/A   ; None          ; 6.888 ns                                       ; Task8:inst|Q1~DUPLICATE ; Q[1]                    ; CLK        ; --       ; 0            ;
; Worst-case th                ; N/A   ; None          ; -2.697 ns                                      ; INIT                    ; Task8:inst|Q0           ; --         ; CLK      ; 0            ;
; Clock Setup: 'CLK'           ; N/A   ; None          ; Restricted to 500.00 MHz ( period = 2.000 ns ) ; Task8:inst|Q2           ; Task8:inst|Q1~DUPLICATE ; CLK        ; CLK      ; 0            ;
; Total number of failed paths ;       ;               ;                                                ;                         ;                         ;            ;          ; 0            ;
+------------------------------+-------+---------------+------------------------------------------------+-------------------------+-------------------------+------------+----------+--------------+


+-----------------------------------------------------------------------------------------------------------------------------------------------------+
; Timing Analyzer Settings                                                                                                                            ;
+------------------------------------------------------------------------------------------------------+--------------------+------+----+-------------+
; Option                                                                                               ; Setting            ; From ; To ; Entity Name ;
+------------------------------------------------------------------------------------------------------+--------------------+------+----+-------------+
; Device Name                                                                                          ; EP2S15F484C3       ;      ;    ;             ;
; Timing Models                                                                                        ; Final              ;      ;    ;             ;
; Default hold multicycle                                                                              ; Same as Multicycle ;      ;    ;             ;
; Cut paths between unrelated clock domains                                                            ; On                 ;      ;    ;             ;
; Cut off read during write signal paths                                                               ; On                 ;      ;    ;             ;
; Cut off feedback from I/O pins                                                                       ; On                 ;      ;    ;             ;
; Report Combined Fast/Slow Timing                                                                     ; Off                ;      ;    ;             ;
; Ignore Clock Settings                                                                                ; Off                ;      ;    ;             ;
; Analyze latches as synchronous elements                                                              ; On                 ;      ;    ;             ;
; Enable Recovery/Removal analysis                                                                     ; Off                ;      ;    ;             ;
; Enable Clock Latency                                                                                 ; Off                ;      ;    ;             ;
; Use TimeQuest Timing Analyzer                                                                        ; Off                ;      ;    ;             ;
; Number of source nodes to report per destination node                                                ; 10                 ;      ;    ;             ;
; Number of destination nodes to report                                                                ; 10                 ;      ;    ;             ;
; Number of paths to report                                                                            ; 200                ;      ;    ;             ;
; Report Minimum Timing Checks                                                                         ; Off                ;      ;    ;             ;
; Use Fast Timing Models                                                                               ; Off                ;      ;    ;             ;
; Report IO Paths Separately                                                                           ; Off                ;      ;    ;             ;
; Perform Multicorner Analysis                                                                         ; On                 ;      ;    ;             ;
; Reports the worst-case path for each clock domain and analysis                                       ; Off                ;      ;    ;             ;
; Reports worst-case timing paths for each clock domain and analysis                                   ; Off                ;      ;    ;             ;
; Specifies the maximum number of worst-case timing paths to report for each clock domain and analysis ; 100                ;      ;    ;             ;
; Removes common clock path pessimism (CCPP) during slack computation                                  ; Off                ;      ;    ;             ;
; Output I/O Timing Endpoint                                                                           ; Near End           ;      ;    ;             ;
+------------------------------------------------------------------------------------------------------+--------------------+------+----+-------------+


+------------------------------------------------------------------------------------------------------------------------------------------------------------------------------------+
; Clock Settings Summary                                                                                                                                                             ;
+-----------------+--------------------+----------+------------------+---------------+--------------+----------+-----------------------+---------------------+--------+--------------+
; Clock Node Name ; Clock Setting Name ; Type     ; Fmax Requirement ; Early Latency ; Late Latency ; Based on ; Multiply Base Fmax by ; Divide Base Fmax by ; Offset ; Phase offset ;
+-----------------+--------------------+----------+------------------+---------------+--------------+----------+-----------------------+---------------------+--------+--------------+
; CLK             ;                    ; User Pin ; None             ; 0.000 ns      ; 0.000 ns     ; --       ; N/A                   ; N/A                 ; N/A    ;              ;
+-----------------+--------------------+----------+------------------+---------------+--------------+----------+-----------------------+---------------------+--------+--------------+


Parallel compilation was disabled, but you have multiple processors available. Enable parallel compilation to reduce compilation time.
+-------------------------------------+
; Parallel Compilation                ;
+----------------------------+--------+
; Processors                 ; Number ;
+----------------------------+--------+
; Number detected on machine ; 4      ;
; Maximum allowed            ; 1      ;
+----------------------------+--------+


+------------------------------------------------------------------------------------------------------------------------------------------------------------------------------------------------------------------------+
; Clock Setup: 'CLK'                                                                                                                                                                                                     ;
+-------+------------------------------------------------+-------------------------+-------------------------+------------+----------+-----------------------------+---------------------------+-------------------------+
; Slack ; Actual fmax (period)                           ; From                    ; To                      ; From Clock ; To Clock ; Required Setup Relationship ; Required Longest P2P Time ; Actual Longest P2P Time ;
+-------+------------------------------------------------+-------------------------+-------------------------+------------+----------+-----------------------------+---------------------------+-------------------------+
; N/A   ; Restricted to 500.00 MHz ( period = 2.000 ns ) ; Task8:inst|Q2           ; Task8:inst|Q1~DUPLICATE ; CLK        ; CLK      ; None                        ; None                      ; 0.526 ns                ;
; N/A   ; Restricted to 500.00 MHz ( period = 2.000 ns ) ; Task8:inst|Q2           ; Task8:inst|Q1           ; CLK        ; CLK      ; None                        ; None                      ; 0.525 ns                ;
; N/A   ; Restricted to 500.00 MHz ( period = 2.000 ns ) ; Task8:inst|Q1           ; Task8:inst|Q2           ; CLK        ; CLK      ; None                        ; None                      ; 0.525 ns                ;
; N/A   ; Restricted to 500.00 MHz ( period = 2.000 ns ) ; Task8:inst|Q1           ; Task8:inst|Q2~DUPLICATE ; CLK        ; CLK      ; None                        ; None                      ; 0.524 ns                ;
; N/A   ; Restricted to 500.00 MHz ( period = 2.000 ns ) ; Task8:inst|Q0           ; Task8:inst|Q1           ; CLK        ; CLK      ; None                        ; None                      ; 0.429 ns                ;
; N/A   ; Restricted to 500.00 MHz ( period = 2.000 ns ) ; Task8:inst|Q0           ; Task8:inst|Q1~DUPLICATE ; CLK        ; CLK      ; None                        ; None                      ; 0.428 ns                ;
; N/A   ; Restricted to 500.00 MHz ( period = 2.000 ns ) ; Task8:inst|Q3           ; Task8:inst|Q2~DUPLICATE ; CLK        ; CLK      ; None                        ; None                      ; 0.426 ns                ;
; N/A   ; Restricted to 500.00 MHz ( period = 2.000 ns ) ; Task8:inst|Q3           ; Task8:inst|Q2           ; CLK        ; CLK      ; None                        ; None                      ; 0.425 ns                ;
; N/A   ; Restricted to 500.00 MHz ( period = 2.000 ns ) ; Task8:inst|Q1~DUPLICATE ; Task8:inst|Q0           ; CLK        ; CLK      ; None                        ; None                      ; 0.423 ns                ;
; N/A   ; Restricted to 500.00 MHz ( period = 2.000 ns ) ; Task8:inst|Q2~DUPLICATE ; Task8:inst|Q3           ; CLK        ; CLK      ; None                        ; None                      ; 0.416 ns                ;
; N/A   ; Restricted to 500.00 MHz ( period = 2.000 ns ) ; Task8:inst|Q3           ; Task8:inst|Q3           ; CLK        ; CLK      ; None                        ; None                      ; 0.396 ns                ;
+-------+------------------------------------------------+-------------------------+-------------------------+------------+----------+-----------------------------+---------------------------+-------------------------+


+-------------------------------------------------------------------------------+
; tsu                                                                           ;
+-------+--------------+------------+------+-------------------------+----------+
; Slack ; Required tsu ; Actual tsu ; From ; To                      ; To Clock ;
+-------+--------------+------------+------+-------------------------+----------+
; N/A   ; None         ; 3.526 ns   ; DIR  ; Task8:inst|Q1           ; CLK      ;
; N/A   ; None         ; 3.526 ns   ; DIR  ; Task8:inst|Q1~DUPLICATE ; CLK      ;
; N/A   ; None         ; 3.433 ns   ; DIR  ; Task8:inst|Q3           ; CLK      ;
; N/A   ; None         ; 3.433 ns   ; DIR  ; Task8:inst|Q2~DUPLICATE ; CLK      ;
; N/A   ; None         ; 3.433 ns   ; DIR  ; Task8:inst|Q2           ; CLK      ;
; N/A   ; None         ; 3.285 ns   ; DIR  ; Task8:inst|Q0           ; CLK      ;
; N/A   ; None         ; 3.074 ns   ; D    ; Task8:inst|Q0           ; CLK      ;
; N/A   ; None         ; 3.035 ns   ; INIT ; Task8:inst|Q3           ; CLK      ;
; N/A   ; None         ; 2.944 ns   ; D    ; Task8:inst|Q3           ; CLK      ;
; N/A   ; None         ; 2.936 ns   ; INIT ; Task8:inst|Q0           ; CLK      ;
+-------+--------------+------------+------+-------------------------+----------+


+---------------------------------------------------------------------------------+
; tco                                                                             ;
+-------+--------------+------------+-------------------------+------+------------+
; Slack ; Required tco ; Actual tco ; From                    ; To   ; From Clock ;
+-------+--------------+------------+-------------------------+------+------------+
; N/A   ; None         ; 6.888 ns   ; Task8:inst|Q1~DUPLICATE ; Q[1] ; CLK        ;
; N/A   ; None         ; 6.474 ns   ; Task8:inst|Q3           ; Q[3] ; CLK        ;
; N/A   ; None         ; 6.237 ns   ; Task8:inst|Q0           ; Q[0] ; CLK        ;
; N/A   ; None         ; 6.217 ns   ; Task8:inst|Q2~DUPLICATE ; Q[2] ; CLK        ;
+-------+--------------+------------+-------------------------+------+------------+


+-------------------------------------------------------------------------------------+
; th                                                                                  ;
+---------------+-------------+-----------+------+-------------------------+----------+
; Minimum Slack ; Required th ; Actual th ; From ; To                      ; To Clock ;
+---------------+-------------+-----------+------+-------------------------+----------+
; N/A           ; None        ; -2.697 ns ; INIT ; Task8:inst|Q0           ; CLK      ;
; N/A           ; None        ; -2.705 ns ; D    ; Task8:inst|Q3           ; CLK      ;
; N/A           ; None        ; -2.796 ns ; INIT ; Task8:inst|Q3           ; CLK      ;
; N/A           ; None        ; -2.835 ns ; D    ; Task8:inst|Q0           ; CLK      ;
; N/A           ; None        ; -3.046 ns ; DIR  ; Task8:inst|Q0           ; CLK      ;
; N/A           ; None        ; -3.194 ns ; DIR  ; Task8:inst|Q3           ; CLK      ;
; N/A           ; None        ; -3.194 ns ; DIR  ; Task8:inst|Q2~DUPLICATE ; CLK      ;
; N/A           ; None        ; -3.194 ns ; DIR  ; Task8:inst|Q2           ; CLK      ;
; N/A           ; None        ; -3.287 ns ; DIR  ; Task8:inst|Q1           ; CLK      ;
; N/A           ; None        ; -3.287 ns ; DIR  ; Task8:inst|Q1~DUPLICATE ; CLK      ;
+---------------+-------------+-----------+------+-------------------------+----------+


+--------------------------+
; Timing Analyzer Messages ;
+--------------------------+
Info: *******************************************************************
Info: Running Quartus II Classic Timing Analyzer
    Info: Version 9.1 Build 350 03/24/2010 Service Pack 2 SJ Web Edition
    Info: Processing started: Mon Oct 27 12:17:58 2025
Info: Command: quartus_tan --read_settings_files=off --write_settings_files=off Lab1v10_OPDS -c Lab1v10_OPDS --timing_analysis_only
Warning: Found pins functioning as undefined clocks and/or memory enables
    Info: Assuming node "CLK" is an undefined clock
Info: Clock "CLK" Internal fmax is restricted to 500.0 MHz between source register "Task8:inst|Q2" and destination register "Task8:inst|Q1~DUPLICATE"
    Info: fmax restricted to clock pin edge rate 2.0 ns. Expand message to see actual delay path.
        Info: + Longest register to register delay is 0.526 ns
            Info: 1: + IC(0.000 ns) + CELL(0.000 ns) = 0.000 ns; Loc. = LCFF_X17_Y10_N7; Fanout = 2; REG Node = 'Task8:inst|Q2'
            Info: 2: + IC(0.217 ns) + CELL(0.154 ns) = 0.371 ns; Loc. = LCCOMB_X17_Y10_N26; Fanout = 1; COMB Node = 'Task8:inst|MUX2x1:inst6|inst5~0DUPLICATE'
            Info: 3: + IC(0.000 ns) + CELL(0.155 ns) = 0.526 ns; Loc. = LCFF_X17_Y10_N27; Fanout = 2; REG Node = 'Task8:inst|Q1~DUPLICATE'
            Info: Total cell delay = 0.309 ns ( 58.75 % )
            Info: Total interconnect delay = 0.217 ns ( 41.25 % )
        Info: - Smallest clock skew is 0.000 ns
            Info: + Shortest clock path from clock "CLK" to destination register is 2.465 ns
                Info: 1: + IC(0.000 ns) + CELL(0.854 ns) = 0.854 ns; Loc. = PIN_N20; Fanout = 1; CLK Node = 'CLK'
                Info: 2: + IC(0.343 ns) + CELL(0.000 ns) = 1.197 ns; Loc. = CLKCTRL_G3; Fanout = 6; COMB Node = 'CLK~clkctrl'
                Info: 3: + IC(0.650 ns) + CELL(0.618 ns) = 2.465 ns; Loc. = LCFF_X17_Y10_N27; Fanout = 2; REG Node = 'Task8:inst|Q1~DUPLICATE'
                Info: Total cell delay = 1.472 ns ( 59.72 % )
                Info: Total interconnect delay = 0.993 ns ( 40.28 % )
            Info: - Longest clock path from clock "CLK" to source register is 2.465 ns
                Info: 1: + IC(0.000 ns) + CELL(0.854 ns) = 0.854 ns; Loc. = PIN_N20; Fanout = 1; CLK Node = 'CLK'
                Info: 2: + IC(0.343 ns) + CELL(0.000 ns) = 1.197 ns; Loc. = CLKCTRL_G3; Fanout = 6; COMB Node = 'CLK~clkctrl'
                Info: 3: + IC(0.650 ns) + CELL(0.618 ns) = 2.465 ns; Loc. = LCFF_X17_Y10_N7; Fanout = 2; REG Node = 'Task8:inst|Q2'
                Info: Total cell delay = 1.472 ns ( 59.72 % )
                Info: Total interconnect delay = 0.993 ns ( 40.28 % )
        Info: + Micro clock to output delay of source is 0.094 ns
        Info: + Micro setup delay of destination is 0.090 ns
Info: tsu for register "Task8:inst|Q1" (data pin = "DIR", clock pin = "CLK") is 3.526 ns
    Info: + Longest pin to register delay is 5.901 ns
        Info: 1: + IC(0.000 ns) + CELL(0.837 ns) = 0.837 ns; Loc. = PIN_Y14; Fanout = 6; PIN Node = 'DIR'
        Info: 2: + IC(4.552 ns) + CELL(0.357 ns) = 5.746 ns; Loc. = LCCOMB_X17_Y10_N24; Fanout = 1; COMB Node = 'Task8:inst|MUX2x1:inst6|inst5~0'
        Info: 3: + IC(0.000 ns) + CELL(0.155 ns) = 5.901 ns; Loc. = LCFF_X17_Y10_N25; Fanout = 2; REG Node = 'Task8:inst|Q1'
        Info: Total cell delay = 1.349 ns ( 22.86 % )
        Info: Total interconnect delay = 4.552 ns ( 77.14 % )
    Info: + Micro setup delay of destination is 0.090 ns
    Info: - Shortest clock path from clock "CLK" to destination register is 2.465 ns
        Info: 1: + IC(0.000 ns) + CELL(0.854 ns) = 0.854 ns; Loc. = PIN_N20; Fanout = 1; CLK Node = 'CLK'
        Info: 2: + IC(0.343 ns) + CELL(0.000 ns) = 1.197 ns; Loc. = CLKCTRL_G3; Fanout = 6; COMB Node = 'CLK~clkctrl'
        Info: 3: + IC(0.650 ns) + CELL(0.618 ns) = 2.465 ns; Loc. = LCFF_X17_Y10_N25; Fanout = 2; REG Node = 'Task8:inst|Q1'
        Info: Total cell delay = 1.472 ns ( 59.72 % )
        Info: Total interconnect delay = 0.993 ns ( 40.28 % )
Info: tco from clock "CLK" to destination pin "Q[1]" through register "Task8:inst|Q1~DUPLICATE" is 6.888 ns
    Info: + Longest clock path from clock "CLK" to source register is 2.465 ns
        Info: 1: + IC(0.000 ns) + CELL(0.854 ns) = 0.854 ns; Loc. = PIN_N20; Fanout = 1; CLK Node = 'CLK'
        Info: 2: + IC(0.343 ns) + CELL(0.000 ns) = 1.197 ns; Loc. = CLKCTRL_G3; Fanout = 6; COMB Node = 'CLK~clkctrl'
        Info: 3: + IC(0.650 ns) + CELL(0.618 ns) = 2.465 ns; Loc. = LCFF_X17_Y10_N27; Fanout = 2; REG Node = 'Task8:inst|Q1~DUPLICATE'
        Info: Total cell delay = 1.472 ns ( 59.72 % )
        Info: Total interconnect delay = 0.993 ns ( 40.28 % )
    Info: + Micro clock to output delay of source is 0.094 ns
    Info: + Longest register to pin delay is 4.329 ns
        Info: 1: + IC(0.000 ns) + CELL(0.000 ns) = 0.000 ns; Loc. = LCFF_X17_Y10_N27; Fanout = 2; REG Node = 'Task8:inst|Q1~DUPLICATE'
        Info: 2: + IC(2.387 ns) + CELL(1.942 ns) = 4.329 ns; Loc. = PIN_F14; Fanout = 0; PIN Node = 'Q[1]'
        Info: Total cell delay = 1.942 ns ( 44.86 % )
        Info: Total interconnect delay = 2.387 ns ( 55.14 % )
Info: th for register "Task8:inst|Q0" (data pin = "INIT", clock pin = "CLK") is -2.697 ns
    Info: + Longest clock path from clock "CLK" to destination register is 2.465 ns
        Info: 1: + IC(0.000 ns) + CELL(0.854 ns) = 0.854 ns; Loc. = PIN_N20; Fanout = 1; CLK Node = 'CLK'
        Info: 2: + IC(0.343 ns) + CELL(0.000 ns) = 1.197 ns; Loc. = CLKCTRL_G3; Fanout = 6; COMB Node = 'CLK~clkctrl'
        Info: 3: + IC(0.650 ns) + CELL(0.618 ns) = 2.465 ns; Loc. = LCFF_X17_Y10_N31; Fanout = 3; REG Node = 'Task8:inst|Q0'
        Info: Total cell delay = 1.472 ns ( 59.72 % )
        Info: Total interconnect delay = 0.993 ns ( 40.28 % )
    Info: + Micro hold delay of destination is 0.149 ns
    Info: - Shortest pin to register delay is 5.311 ns
        Info: 1: + IC(0.000 ns) + CELL(0.790 ns) = 0.790 ns; Loc. = PIN_P17; Fanout = 2; PIN Node = 'INIT'
        Info: 2: + IC(4.094 ns) + CELL(0.272 ns) = 5.156 ns; Loc. = LCCOMB_X17_Y10_N30; Fanout = 1; COMB Node = 'Task8:inst|MUX2x1:inst|inst5~0'
        Info: 3: + IC(0.000 ns) + CELL(0.155 ns) = 5.311 ns; Loc. = LCFF_X17_Y10_N31; Fanout = 3; REG Node = 'Task8:inst|Q0'
        Info: Total cell delay = 1.217 ns ( 22.91 % )
        Info: Total interconnect delay = 4.094 ns ( 77.09 % )
Info: Quartus II Classic Timing Analyzer was successful. 0 errors, 1 warning
    Info: Peak virtual memory: 172 megabytes
    Info: Processing ended: Mon Oct 27 12:17:58 2025
    Info: Elapsed time: 00:00:00
    Info: Total CPU time (on all processors): 00:00:00


