Analysis & Synthesis report for Lab2v11
Fri Nov 07 13:25:10 2025
Quartus II Version 9.1 Build 350 03/24/2010 Service Pack 2 SJ Web Edition


---------------------
; Table of Contents ;
---------------------
  1. Legal Notice
  2. Analysis & Synthesis Summary
  3. Analysis & Synthesis Settings
  4. Parallel Compilation
  5. Analysis & Synthesis Source Files Read
  6. Analysis & Synthesis Resource Usage Summary
  7. Analysis & Synthesis Resource Utilization by Entity
  8. General Register Statistics
  9. Parameter Settings for User Entity Instance: RAM1x2:inst|RAM1x1D:inst|lpm_mux2x1:inst|lpm_mux:lpm_mux_component
 10. Parameter Settings for User Entity Instance: RAM1x2:inst|RAM1x1D:inst1|lpm_mux2x1:inst|lpm_mux:lpm_mux_component
 11. Parameter Settings for User Entity Instance: dc1x2:inst16|lpm_decode:lpm_decode_component
 12. Parameter Settings for User Entity Instance: dc2x4:inst10|lpm_decode:lpm_decode_component
 13. Parameter Settings for User Entity Instance: RAM1x2:inst1|RAM1x1D:inst|lpm_mux2x1:inst|lpm_mux:lpm_mux_component
 14. Parameter Settings for User Entity Instance: RAM1x2:inst1|RAM1x1D:inst1|lpm_mux2x1:inst|lpm_mux:lpm_mux_component
 15. Parameter Settings for User Entity Instance: RAM1x2:inst4|RAM1x1D:inst|lpm_mux2x1:inst|lpm_mux:lpm_mux_component
 16. Parameter Settings for User Entity Instance: RAM1x2:inst4|RAM1x1D:inst1|lpm_mux2x1:inst|lpm_mux:lpm_mux_component
 17. Parameter Settings for User Entity Instance: RAM1x2:inst5|RAM1x1D:inst|lpm_mux2x1:inst|lpm_mux:lpm_mux_component
 18. Parameter Settings for User Entity Instance: RAM1x2:inst5|RAM1x1D:inst1|lpm_mux2x1:inst|lpm_mux:lpm_mux_component
 19. Parameter Settings for User Entity Instance: RAM1x2:inst6|RAM1x1D:inst|lpm_mux2x1:inst|lpm_mux:lpm_mux_component
 20. Parameter Settings for User Entity Instance: RAM1x2:inst6|RAM1x1D:inst1|lpm_mux2x1:inst|lpm_mux:lpm_mux_component
 21. Analysis & Synthesis Messages



----------------
; Legal Notice ;
----------------
Copyright (C) 1991-2010 Altera Corporation
Your use of Altera Corporation's design tools, logic functions 
and other software and tools, and its AMPP partner logic 
functions, and any output files from any of the foregoing 
(including device programming or simulation files), and any 
associated documentation or information are expressly subject 
to the terms and conditions of the Altera Program License 
Subscription Agreement, Altera MegaCore Function License 
Agreement, or other applicable license agreement, including, 
without limitation, that your use is for the sole purpose of 
programming logic devices manufactured by Altera and sold by 
Altera or its authorized distributors.  Please refer to the 
applicable agreement for further details.



+------------------------------------------------------------------------------+
; Analysis & Synthesis Summary                                                 ;
+-------------------------------+----------------------------------------------+
; Analysis & Synthesis Status   ; Successful - Fri Nov 07 13:25:10 2025        ;
; Quartus II Version            ; 9.1 Build 350 03/24/2010 SP 2 SJ Web Edition ;
; Revision Name                 ; Lab2v11                                      ;
; Top-level Entity Name         ; RAM5x2_3D                                    ;
; Family                        ; Stratix II                                   ;
; Logic utilization             ; N/A                                          ;
;     Combinational ALUTs       ; 10                                           ;
;     Dedicated logic registers ; 10                                           ;
; Total registers               ; 10                                           ;
; Total pins                    ; 10                                           ;
; Total virtual pins            ; 0                                            ;
; Total block memory bits       ; 0                                            ;
; DSP block 9-bit elements      ; 0                                            ;
; Total PLLs                    ; 0                                            ;
; Total DLLs                    ; 0                                            ;
+-------------------------------+----------------------------------------------+


+----------------------------------------------------------------------------------------------------------------------+
; Analysis & Synthesis Settings                                                                                        ;
+----------------------------------------------------------------------------+--------------------+--------------------+
; Option                                                                     ; Setting            ; Default Value      ;
+----------------------------------------------------------------------------+--------------------+--------------------+
; Top-level entity name                                                      ; RAM5x2_3D          ; Lab2v11            ;
; Family name                                                                ; Stratix II         ; Stratix II         ;
; Use Generated Physical Constraints File                                    ; Off                ;                    ;
; Use smart compilation                                                      ; Off                ; Off                ;
; Enable parallel Assembler and TimeQuest Timing Analyzer during compilation ; On                 ; On                 ;
; Enable compact report table                                                ; Off                ; Off                ;
; Restructure Multiplexers                                                   ; Auto               ; Auto               ;
; Create Debugging Nodes for IP Cores                                        ; Off                ; Off                ;
; Preserve fewer node names                                                  ; On                 ; On                 ;
; Disable OpenCore Plus hardware evaluation                                  ; Off                ; Off                ;
; Verilog Version                                                            ; Verilog_2001       ; Verilog_2001       ;
; VHDL Version                                                               ; VHDL_1993          ; VHDL_1993          ;
; State Machine Processing                                                   ; Auto               ; Auto               ;
; Safe State Machine                                                         ; Off                ; Off                ;
; Extract Verilog State Machines                                             ; On                 ; On                 ;
; Extract VHDL State Machines                                                ; On                 ; On                 ;
; Ignore Verilog initial constructs                                          ; Off                ; Off                ;
; Iteration limit for constant Verilog loops                                 ; 5000               ; 5000               ;
; Iteration limit for non-constant Verilog loops                             ; 250                ; 250                ;
; Add Pass-Through Logic to Inferred RAMs                                    ; On                 ; On                 ;
; Parallel Synthesis                                                         ; On                 ; On                 ;
; DSP Block Balancing                                                        ; Auto               ; Auto               ;
; NOT Gate Push-Back                                                         ; On                 ; On                 ;
; Power-Up Don't Care                                                        ; On                 ; On                 ;
; Remove Redundant Logic Cells                                               ; Off                ; Off                ;
; Remove Duplicate Registers                                                 ; On                 ; On                 ;
; Ignore CARRY Buffers                                                       ; Off                ; Off                ;
; Ignore CASCADE Buffers                                                     ; Off                ; Off                ;
; Ignore GLOBAL Buffers                                                      ; Off                ; Off                ;
; Ignore ROW GLOBAL Buffers                                                  ; Off                ; Off                ;
; Ignore LCELL Buffers                                                       ; Off                ; Off                ;
; Ignore SOFT Buffers                                                        ; On                 ; On                 ;
; Limit AHDL Integers to 32 Bits                                             ; Off                ; Off                ;
; Optimization Technique                                                     ; Balanced           ; Balanced           ;
; Carry Chain Length                                                         ; 70                 ; 70                 ;
; Auto Carry Chains                                                          ; On                 ; On                 ;
; Auto Open-Drain Pins                                                       ; On                 ; On                 ;
; Perform WYSIWYG Primitive Resynthesis                                      ; Off                ; Off                ;
; Auto ROM Replacement                                                       ; On                 ; On                 ;
; Auto RAM Replacement                                                       ; On                 ; On                 ;
; Auto DSP Block Replacement                                                 ; On                 ; On                 ;
; Auto Shift Register Replacement                                            ; Auto               ; Auto               ;
; Auto Clock Enable Replacement                                              ; On                 ; On                 ;
; Strict RAM Replacement                                                     ; Off                ; Off                ;
; Allow Synchronous Control Signals                                          ; On                 ; On                 ;
; Force Use of Synchronous Clear Signals                                     ; Off                ; Off                ;
; Auto RAM Block Balancing                                                   ; On                 ; On                 ;
; Auto RAM to Logic Cell Conversion                                          ; Off                ; Off                ;
; Auto Resource Sharing                                                      ; Off                ; Off                ;
; Allow Any RAM Size For Recognition                                         ; Off                ; Off                ;
; Allow Any ROM Size For Recognition                                         ; Off                ; Off                ;
; Allow Any Shift Register Size For Recognition                              ; Off                ; Off                ;
; Use LogicLock Constraints during Resource Balancing                        ; On                 ; On                 ;
; Ignore translate_off and synthesis_off directives                          ; Off                ; Off                ;
; Timing-Driven Synthesis                                                    ; Off                ; Off                ;
; Show Parameter Settings Tables in Synthesis Report                         ; On                 ; On                 ;
; Ignore Maximum Fan-Out Assignments                                         ; Off                ; Off                ;
; Synchronization Register Chain Length                                      ; 2                  ; 2                  ;
; PowerPlay Power Optimization                                               ; Normal compilation ; Normal compilation ;
; HDL message level                                                          ; Level2             ; Level2             ;
; Suppress Register Optimization Related Messages                            ; Off                ; Off                ;
; Number of Removed Registers Reported in Synthesis Report                   ; 5000               ; 5000               ;
; Number of Inverted Registers Reported in Synthesis Report                  ; 100                ; 100                ;
; Clock MUX Protection                                                       ; On                 ; On                 ;
; Auto Gated Clock Conversion                                                ; Off                ; Off                ;
; Block Design Naming                                                        ; Auto               ; Auto               ;
; SDC constraint protection                                                  ; Off                ; Off                ;
; Synthesis Effort                                                           ; Auto               ; Auto               ;
; Shift Register Replacement - Allow Asynchronous Clear Signal               ; On                 ; On                 ;
; Analysis & Synthesis Message Level                                         ; Medium             ; Medium             ;
; Disable Register Merging Across Hierarchies                                ; Auto               ; Auto               ;
; Resource Aware Inference For Block RAM                                     ; On                 ; On                 ;
+----------------------------------------------------------------------------+--------------------+--------------------+


Parallel compilation was disabled, but you have multiple processors available. Enable parallel compilation to reduce compilation time.
+-------------------------------------+
; Parallel Compilation                ;
+----------------------------+--------+
; Processors                 ; Number ;
+----------------------------+--------+
; Number detected on machine ; 4      ;
; Maximum allowed            ; 1      ;
+----------------------------+--------+


+----------------------------------------------------------------------------------------------------------------------------------------------------------+
; Analysis & Synthesis Source Files Read                                                                                                                   ;
+----------------------------------+-----------------+------------------------------------+----------------------------------------------------------------+
; File Name with User-Entered Path ; Used in Netlist ; File Type                          ; File Name with Absolute Path                                   ;
+----------------------------------+-----------------+------------------------------------+----------------------------------------------------------------+
; RAM1x2.bdf                       ; yes             ; User Block Diagram/Schematic File  ; C:/Users/Zupreme/Documents/Lab2/RAM1x2.bdf                     ;
; RAM1x1D.bdf                      ; yes             ; User Block Diagram/Schematic File  ; C:/Users/Zupreme/Documents/Lab2/RAM1x1D.bdf                    ;
; RAM5x2_3D.bdf                    ; yes             ; User Block Diagram/Schematic File  ; C:/Users/Zupreme/Documents/Lab2/RAM5x2_3D.bdf                  ;
; lpm_mux2x1.tdf                   ; yes             ; Auto-Found Wizard-Generated File   ; C:/Users/Zupreme/Documents/Lab2/lpm_mux2x1.tdf                 ;
; lpm_mux.inc                      ; yes             ; Auto-Found AHDL File               ; c:/altera/91sp2/quartus/libraries/megafunctions/lpm_mux.inc    ;
; lpm_mux.tdf                      ; yes             ; Megafunction                       ; c:/altera/91sp2/quartus/libraries/megafunctions/lpm_mux.tdf    ;
; db/mux_nnc.tdf                   ; yes             ; Auto-Generated Megafunction        ; C:/Users/Zupreme/Documents/Lab2/db/mux_nnc.tdf                 ;
; dc1x2.tdf                        ; yes             ; Auto-Found Wizard-Generated File   ; C:/Users/Zupreme/Documents/Lab2/dc1x2.tdf                      ;
; lpm_decode.inc                   ; yes             ; Auto-Found AHDL File               ; c:/altera/91sp2/quartus/libraries/megafunctions/lpm_decode.inc ;
; lpm_decode.tdf                   ; yes             ; Megafunction                       ; c:/altera/91sp2/quartus/libraries/megafunctions/lpm_decode.tdf ;
; db/decode_m7f.tdf                ; yes             ; Auto-Generated Megafunction        ; C:/Users/Zupreme/Documents/Lab2/db/decode_m7f.tdf              ;
; dc2x4.tdf                        ; yes             ; Auto-Found Wizard-Generated File   ; C:/Users/Zupreme/Documents/Lab2/dc2x4.tdf                      ;
; db/decode_p7f.tdf                ; yes             ; Auto-Generated Megafunction        ; C:/Users/Zupreme/Documents/Lab2/db/decode_p7f.tdf              ;
+----------------------------------+-----------------+------------------------------------+----------------------------------------------------------------+


+-------------------------------------------------------+
; Analysis & Synthesis Resource Usage Summary           ;
+-----------------------------------------------+-------+
; Resource                                      ; Usage ;
+-----------------------------------------------+-------+
; Estimated ALUTs Used                          ; 10    ;
; Dedicated logic registers                     ; 10    ;
;                                               ;       ;
; Estimated ALUTs Unavailable                   ; 1     ;
;                                               ;       ;
; Total combinational functions                 ; 10    ;
; Combinational ALUT usage by number of inputs  ;       ;
;     -- 7 input functions                      ; 1     ;
;     -- 6 input functions                      ; 3     ;
;     -- 5 input functions                      ; 0     ;
;     -- 4 input functions                      ; 6     ;
;     -- <=3 input functions                    ; 0     ;
;                                               ;       ;
; Combinational ALUTs by mode                   ;       ;
;     -- normal mode                            ; 9     ;
;     -- extended LUT mode                      ; 1     ;
;     -- arithmetic mode                        ; 0     ;
;     -- shared arithmetic mode                 ; 0     ;
;                                               ;       ;
; Estimated ALUT/register pairs used            ; 17    ;
;                                               ;       ;
; Total registers                               ; 10    ;
;     -- Dedicated logic registers              ; 10    ;
;     -- I/O registers                          ; 0     ;
;                                               ;       ;
; Estimated ALMs:  partially or completely used ; 9     ;
;                                               ;       ;
; I/O pins                                      ; 10    ;
; Maximum fan-out node                          ; A[1]  ;
; Maximum fan-out                               ; 10    ;
; Total fan-out                                 ; 83    ;
; Average fan-out                               ; 2.77  ;
+-----------------------------------------------+-------+


+-----------------------------------------------------------------------------------------------------------------------------------------------------------------------------------------------------------------+
; Analysis & Synthesis Resource Utilization by Entity                                                                                                                                                             ;
+----------------------------+-------------------+--------------+-------------------+--------------+---------+-----------+-----------+------+--------------+---------------------------------------+--------------+
; Compilation Hierarchy Node ; LC Combinationals ; LC Registers ; Block Memory Bits ; DSP Elements ; DSP 9x9 ; DSP 18x18 ; DSP 36x36 ; Pins ; Virtual Pins ; Full Hierarchy Name                   ; Library Name ;
+----------------------------+-------------------+--------------+-------------------+--------------+---------+-----------+-----------+------+--------------+---------------------------------------+--------------+
; |RAM5x2_3D                 ; 10 (0)            ; 10 (0)       ; 0                 ; 0            ; 0       ; 0         ; 0         ; 10   ; 0            ; |RAM5x2_3D                            ; work         ;
;    |RAM1x2:inst1|          ; 1 (0)             ; 2 (0)        ; 0                 ; 0            ; 0       ; 0         ; 0         ; 0    ; 0            ; |RAM5x2_3D|RAM1x2:inst1               ; work         ;
;       |RAM1x1D:inst1|      ; 1 (1)             ; 1 (1)        ; 0                 ; 0            ; 0       ; 0         ; 0         ; 0    ; 0            ; |RAM5x2_3D|RAM1x2:inst1|RAM1x1D:inst1 ; work         ;
;       |RAM1x1D:inst|       ; 0 (0)             ; 1 (1)        ; 0                 ; 0            ; 0       ; 0         ; 0         ; 0    ; 0            ; |RAM5x2_3D|RAM1x2:inst1|RAM1x1D:inst  ; work         ;
;    |RAM1x2:inst4|          ; 1 (0)             ; 2 (0)        ; 0                 ; 0            ; 0       ; 0         ; 0         ; 0    ; 0            ; |RAM5x2_3D|RAM1x2:inst4               ; work         ;
;       |RAM1x1D:inst1|      ; 1 (1)             ; 1 (1)        ; 0                 ; 0            ; 0       ; 0         ; 0         ; 0    ; 0            ; |RAM5x2_3D|RAM1x2:inst4|RAM1x1D:inst1 ; work         ;
;       |RAM1x1D:inst|       ; 0 (0)             ; 1 (1)        ; 0                 ; 0            ; 0       ; 0         ; 0         ; 0    ; 0            ; |RAM5x2_3D|RAM1x2:inst4|RAM1x1D:inst  ; work         ;
;    |RAM1x2:inst5|          ; 1 (0)             ; 2 (0)        ; 0                 ; 0            ; 0       ; 0         ; 0         ; 0    ; 0            ; |RAM5x2_3D|RAM1x2:inst5               ; work         ;
;       |RAM1x1D:inst1|      ; 1 (1)             ; 1 (1)        ; 0                 ; 0            ; 0       ; 0         ; 0         ; 0    ; 0            ; |RAM5x2_3D|RAM1x2:inst5|RAM1x1D:inst1 ; work         ;
;       |RAM1x1D:inst|       ; 0 (0)             ; 1 (1)        ; 0                 ; 0            ; 0       ; 0         ; 0         ; 0    ; 0            ; |RAM5x2_3D|RAM1x2:inst5|RAM1x1D:inst  ; work         ;
;    |RAM1x2:inst6|          ; 1 (0)             ; 2 (0)        ; 0                 ; 0            ; 0       ; 0         ; 0         ; 0    ; 0            ; |RAM5x2_3D|RAM1x2:inst6               ; work         ;
;       |RAM1x1D:inst1|      ; 1 (1)             ; 1 (1)        ; 0                 ; 0            ; 0       ; 0         ; 0         ; 0    ; 0            ; |RAM5x2_3D|RAM1x2:inst6|RAM1x1D:inst1 ; work         ;
;       |RAM1x1D:inst|       ; 0 (0)             ; 1 (1)        ; 0                 ; 0            ; 0       ; 0         ; 0         ; 0    ; 0            ; |RAM5x2_3D|RAM1x2:inst6|RAM1x1D:inst  ; work         ;
;    |RAM1x2:inst|           ; 6 (0)             ; 2 (0)        ; 0                 ; 0            ; 0       ; 0         ; 0         ; 0    ; 0            ; |RAM5x2_3D|RAM1x2:inst                ;              ;
;       |RAM1x1D:inst1|      ; 4 (4)             ; 1 (1)        ; 0                 ; 0            ; 0       ; 0         ; 0         ; 0    ; 0            ; |RAM5x2_3D|RAM1x2:inst|RAM1x1D:inst1  ; work         ;
;       |RAM1x1D:inst|       ; 2 (2)             ; 1 (1)        ; 0                 ; 0            ; 0       ; 0         ; 0         ; 0    ; 0            ; |RAM5x2_3D|RAM1x2:inst|RAM1x1D:inst   ; work         ;
+----------------------------+-------------------+--------------+-------------------+--------------+---------+-----------+-----------+------+--------------+---------------------------------------+--------------+
Note: For table entries with two numbers listed, the numbers in parentheses indicate the number of resources of the given type used by the specific entity alone. The numbers listed outside of parentheses indicate the total resources of the given type used by the specific entity and all of its sub-entities in the hierarchy.


+------------------------------------------------------+
; General Register Statistics                          ;
+----------------------------------------------+-------+
; Statistic                                    ; Value ;
+----------------------------------------------+-------+
; Total registers                              ; 10    ;
; Number of registers using Synchronous Clear  ; 0     ;
; Number of registers using Synchronous Load   ; 0     ;
; Number of registers using Asynchronous Clear ; 0     ;
; Number of registers using Asynchronous Load  ; 0     ;
; Number of registers using Clock Enable       ; 10    ;
; Number of registers using Preset             ; 0     ;
+----------------------------------------------+-------+


+-----------------------------------------------------------------------------------------------------------------+
; Parameter Settings for User Entity Instance: RAM1x2:inst|RAM1x1D:inst|lpm_mux2x1:inst|lpm_mux:lpm_mux_component ;
+------------------------+------------+---------------------------------------------------------------------------+
; Parameter Name         ; Value      ; Type                                                                      ;
+------------------------+------------+---------------------------------------------------------------------------+
; AUTO_CARRY_CHAINS      ; ON         ; AUTO_CARRY                                                                ;
; IGNORE_CARRY_BUFFERS   ; OFF        ; IGNORE_CARRY                                                              ;
; AUTO_CASCADE_CHAINS    ; ON         ; AUTO_CASCADE                                                              ;
; IGNORE_CASCADE_BUFFERS ; OFF        ; IGNORE_CASCADE                                                            ;
; LPM_WIDTH              ; 1          ; Untyped                                                                   ;
; LPM_SIZE               ; 2          ; Untyped                                                                   ;
; LPM_WIDTHS             ; 1          ; Untyped                                                                   ;
; LPM_PIPELINE           ; 0          ; Untyped                                                                   ;
; CBXI_PARAMETER         ; mux_nnc    ; Untyped                                                                   ;
; DEVICE_FAMILY          ; Stratix II ; Untyped                                                                   ;
+------------------------+------------+---------------------------------------------------------------------------+
Note: In order to hide this table in the UI and the text report file, please set the "Show Parameter Settings Tables in Synthesis Report" option in "Analysis and Synthesis Settings -> More Settings" to "Off".


+------------------------------------------------------------------------------------------------------------------+
; Parameter Settings for User Entity Instance: RAM1x2:inst|RAM1x1D:inst1|lpm_mux2x1:inst|lpm_mux:lpm_mux_component ;
+------------------------+------------+----------------------------------------------------------------------------+
; Parameter Name         ; Value      ; Type                                                                       ;
+------------------------+------------+----------------------------------------------------------------------------+
; AUTO_CARRY_CHAINS      ; ON         ; AUTO_CARRY                                                                 ;
; IGNORE_CARRY_BUFFERS   ; OFF        ; IGNORE_CARRY                                                               ;
; AUTO_CASCADE_CHAINS    ; ON         ; AUTO_CASCADE                                                               ;
; IGNORE_CASCADE_BUFFERS ; OFF        ; IGNORE_CASCADE                                                             ;
; LPM_WIDTH              ; 1          ; Untyped                                                                    ;
; LPM_SIZE               ; 2          ; Untyped                                                                    ;
; LPM_WIDTHS             ; 1          ; Untyped                                                                    ;
; LPM_PIPELINE           ; 0          ; Untyped                                                                    ;
; CBXI_PARAMETER         ; mux_nnc    ; Untyped                                                                    ;
; DEVICE_FAMILY          ; Stratix II ; Untyped                                                                    ;
+------------------------+------------+----------------------------------------------------------------------------+
Note: In order to hide this table in the UI and the text report file, please set the "Show Parameter Settings Tables in Synthesis Report" option in "Analysis and Synthesis Settings -> More Settings" to "Off".


+-------------------------------------------------------------------------------------------+
; Parameter Settings for User Entity Instance: dc1x2:inst16|lpm_decode:lpm_decode_component ;
+------------------------+------------+-----------------------------------------------------+
; Parameter Name         ; Value      ; Type                                                ;
+------------------------+------------+-----------------------------------------------------+
; LPM_WIDTH              ; 1          ; Untyped                                             ;
; LPM_DECODES            ; 2          ; Untyped                                             ;
; LPM_PIPELINE           ; 0          ; Untyped                                             ;
; CASCADE_CHAIN          ; MANUAL     ; Untyped                                             ;
; DEVICE_FAMILY          ; Stratix II ; Untyped                                             ;
; CBXI_PARAMETER         ; decode_m7f ; Untyped                                             ;
; AUTO_CARRY_CHAINS      ; ON         ; AUTO_CARRY                                          ;
; IGNORE_CARRY_BUFFERS   ; OFF        ; IGNORE_CARRY                                        ;
; AUTO_CASCADE_CHAINS    ; ON         ; AUTO_CASCADE                                        ;
; IGNORE_CASCADE_BUFFERS ; OFF        ; IGNORE_CASCADE                                      ;
+------------------------+------------+-----------------------------------------------------+
Note: In order to hide this table in the UI and the text report file, please set the "Show Parameter Settings Tables in Synthesis Report" option in "Analysis and Synthesis Settings -> More Settings" to "Off".


+-------------------------------------------------------------------------------------------+
; Parameter Settings for User Entity Instance: dc2x4:inst10|lpm_decode:lpm_decode_component ;
+------------------------+------------+-----------------------------------------------------+
; Parameter Name         ; Value      ; Type                                                ;
+------------------------+------------+-----------------------------------------------------+
; LPM_WIDTH              ; 2          ; Untyped                                             ;
; LPM_DECODES            ; 4          ; Untyped                                             ;
; LPM_PIPELINE           ; 0          ; Untyped                                             ;
; CASCADE_CHAIN          ; MANUAL     ; Untyped                                             ;
; DEVICE_FAMILY          ; Stratix II ; Untyped                                             ;
; CBXI_PARAMETER         ; decode_p7f ; Untyped                                             ;
; AUTO_CARRY_CHAINS      ; ON         ; AUTO_CARRY                                          ;
; IGNORE_CARRY_BUFFERS   ; OFF        ; IGNORE_CARRY                                        ;
; AUTO_CASCADE_CHAINS    ; ON         ; AUTO_CASCADE                                        ;
; IGNORE_CASCADE_BUFFERS ; OFF        ; IGNORE_CASCADE                                      ;
+------------------------+------------+-----------------------------------------------------+
Note: In order to hide this table in the UI and the text report file, please set the "Show Parameter Settings Tables in Synthesis Report" option in "Analysis and Synthesis Settings -> More Settings" to "Off".


+------------------------------------------------------------------------------------------------------------------+
; Parameter Settings for User Entity Instance: RAM1x2:inst1|RAM1x1D:inst|lpm_mux2x1:inst|lpm_mux:lpm_mux_component ;
+------------------------+------------+----------------------------------------------------------------------------+
; Parameter Name         ; Value      ; Type                                                                       ;
+------------------------+------------+----------------------------------------------------------------------------+
; AUTO_CARRY_CHAINS      ; ON         ; AUTO_CARRY                                                                 ;
; IGNORE_CARRY_BUFFERS   ; OFF        ; IGNORE_CARRY                                                               ;
; AUTO_CASCADE_CHAINS    ; ON         ; AUTO_CASCADE                                                               ;
; IGNORE_CASCADE_BUFFERS ; OFF        ; IGNORE_CASCADE                                                             ;
; LPM_WIDTH              ; 1          ; Untyped                                                                    ;
; LPM_SIZE               ; 2          ; Untyped                                                                    ;
; LPM_WIDTHS             ; 1          ; Untyped                                                                    ;
; LPM_PIPELINE           ; 0          ; Untyped                                                                    ;
; CBXI_PARAMETER         ; mux_nnc    ; Untyped                                                                    ;
; DEVICE_FAMILY          ; Stratix II ; Untyped                                                                    ;
+------------------------+------------+----------------------------------------------------------------------------+
Note: In order to hide this table in the UI and the text report file, please set the "Show Parameter Settings Tables in Synthesis Report" option in "Analysis and Synthesis Settings -> More Settings" to "Off".


+-------------------------------------------------------------------------------------------------------------------+
; Parameter Settings for User Entity Instance: RAM1x2:inst1|RAM1x1D:inst1|lpm_mux2x1:inst|lpm_mux:lpm_mux_component ;
+------------------------+------------+-----------------------------------------------------------------------------+
; Parameter Name         ; Value      ; Type                                                                        ;
+------------------------+------------+-----------------------------------------------------------------------------+
; AUTO_CARRY_CHAINS      ; ON         ; AUTO_CARRY                                                                  ;
; IGNORE_CARRY_BUFFERS   ; OFF        ; IGNORE_CARRY                                                                ;
; AUTO_CASCADE_CHAINS    ; ON         ; AUTO_CASCADE                                                                ;
; IGNORE_CASCADE_BUFFERS ; OFF        ; IGNORE_CASCADE                                                              ;
; LPM_WIDTH              ; 1          ; Untyped                                                                     ;
; LPM_SIZE               ; 2          ; Untyped                                                                     ;
; LPM_WIDTHS             ; 1          ; Untyped                                                                     ;
; LPM_PIPELINE           ; 0          ; Untyped                                                                     ;
; CBXI_PARAMETER         ; mux_nnc    ; Untyped                                                                     ;
; DEVICE_FAMILY          ; Stratix II ; Untyped                                                                     ;
+------------------------+------------+-----------------------------------------------------------------------------+
Note: In order to hide this table in the UI and the text report file, please set the "Show Parameter Settings Tables in Synthesis Report" option in "Analysis and Synthesis Settings -> More Settings" to "Off".


+------------------------------------------------------------------------------------------------------------------+
; Parameter Settings for User Entity Instance: RAM1x2:inst4|RAM1x1D:inst|lpm_mux2x1:inst|lpm_mux:lpm_mux_component ;
+------------------------+------------+----------------------------------------------------------------------------+
; Parameter Name         ; Value      ; Type                                                                       ;
+------------------------+------------+----------------------------------------------------------------------------+
; AUTO_CARRY_CHAINS      ; ON         ; AUTO_CARRY                                                                 ;
; IGNORE_CARRY_BUFFERS   ; OFF        ; IGNORE_CARRY                                                               ;
; AUTO_CASCADE_CHAINS    ; ON         ; AUTO_CASCADE                                                               ;
; IGNORE_CASCADE_BUFFERS ; OFF        ; IGNORE_CASCADE                                                             ;
; LPM_WIDTH              ; 1          ; Untyped                                                                    ;
; LPM_SIZE               ; 2          ; Untyped                                                                    ;
; LPM_WIDTHS             ; 1          ; Untyped                                                                    ;
; LPM_PIPELINE           ; 0          ; Untyped                                                                    ;
; CBXI_PARAMETER         ; mux_nnc    ; Untyped                                                                    ;
; DEVICE_FAMILY          ; Stratix II ; Untyped                                                                    ;
+------------------------+------------+----------------------------------------------------------------------------+
Note: In order to hide this table in the UI and the text report file, please set the "Show Parameter Settings Tables in Synthesis Report" option in "Analysis and Synthesis Settings -> More Settings" to "Off".


+-------------------------------------------------------------------------------------------------------------------+
; Parameter Settings for User Entity Instance: RAM1x2:inst4|RAM1x1D:inst1|lpm_mux2x1:inst|lpm_mux:lpm_mux_component ;
+------------------------+------------+-----------------------------------------------------------------------------+
; Parameter Name         ; Value      ; Type                                                                        ;
+------------------------+------------+-----------------------------------------------------------------------------+
; AUTO_CARRY_CHAINS      ; ON         ; AUTO_CARRY                                                                  ;
; IGNORE_CARRY_BUFFERS   ; OFF        ; IGNORE_CARRY                                                                ;
; AUTO_CASCADE_CHAINS    ; ON         ; AUTO_CASCADE                                                                ;
; IGNORE_CASCADE_BUFFERS ; OFF        ; IGNORE_CASCADE                                                              ;
; LPM_WIDTH              ; 1          ; Untyped                                                                     ;
; LPM_SIZE               ; 2          ; Untyped                                                                     ;
; LPM_WIDTHS             ; 1          ; Untyped                                                                     ;
; LPM_PIPELINE           ; 0          ; Untyped                                                                     ;
; CBXI_PARAMETER         ; mux_nnc    ; Untyped                                                                     ;
; DEVICE_FAMILY          ; Stratix II ; Untyped                                                                     ;
+------------------------+------------+-----------------------------------------------------------------------------+
Note: In order to hide this table in the UI and the text report file, please set the "Show Parameter Settings Tables in Synthesis Report" option in "Analysis and Synthesis Settings -> More Settings" to "Off".


+------------------------------------------------------------------------------------------------------------------+
; Parameter Settings for User Entity Instance: RAM1x2:inst5|RAM1x1D:inst|lpm_mux2x1:inst|lpm_mux:lpm_mux_component ;
+------------------------+------------+----------------------------------------------------------------------------+
; Parameter Name         ; Value      ; Type                                                                       ;
+------------------------+------------+----------------------------------------------------------------------------+
; AUTO_CARRY_CHAINS      ; ON         ; AUTO_CARRY                                                                 ;
; IGNORE_CARRY_BUFFERS   ; OFF        ; IGNORE_CARRY                                                               ;
; AUTO_CASCADE_CHAINS    ; ON         ; AUTO_CASCADE                                                               ;
; IGNORE_CASCADE_BUFFERS ; OFF        ; IGNORE_CASCADE                                                             ;
; LPM_WIDTH              ; 1          ; Untyped                                                                    ;
; LPM_SIZE               ; 2          ; Untyped                                                                    ;
; LPM_WIDTHS             ; 1          ; Untyped                                                                    ;
; LPM_PIPELINE           ; 0          ; Untyped                                                                    ;
; CBXI_PARAMETER         ; mux_nnc    ; Untyped                                                                    ;
; DEVICE_FAMILY          ; Stratix II ; Untyped                                                                    ;
+------------------------+------------+----------------------------------------------------------------------------+
Note: In order to hide this table in the UI and the text report file, please set the "Show Parameter Settings Tables in Synthesis Report" option in "Analysis and Synthesis Settings -> More Settings" to "Off".


+-------------------------------------------------------------------------------------------------------------------+
; Parameter Settings for User Entity Instance: RAM1x2:inst5|RAM1x1D:inst1|lpm_mux2x1:inst|lpm_mux:lpm_mux_component ;
+------------------------+------------+-----------------------------------------------------------------------------+
; Parameter Name         ; Value      ; Type                                                                        ;
+------------------------+------------+-----------------------------------------------------------------------------+
; AUTO_CARRY_CHAINS      ; ON         ; AUTO_CARRY                                                                  ;
; IGNORE_CARRY_BUFFERS   ; OFF        ; IGNORE_CARRY                                                                ;
; AUTO_CASCADE_CHAINS    ; ON         ; AUTO_CASCADE                                                                ;
; IGNORE_CASCADE_BUFFERS ; OFF        ; IGNORE_CASCADE                                                              ;
; LPM_WIDTH              ; 1          ; Untyped                                                                     ;
; LPM_SIZE               ; 2          ; Untyped                                                                     ;
; LPM_WIDTHS             ; 1          ; Untyped                                                                     ;
; LPM_PIPELINE           ; 0          ; Untyped                                                                     ;
; CBXI_PARAMETER         ; mux_nnc    ; Untyped                                                                     ;
; DEVICE_FAMILY          ; Stratix II ; Untyped                                                                     ;
+------------------------+------------+-----------------------------------------------------------------------------+
Note: In order to hide this table in the UI and the text report file, please set the "Show Parameter Settings Tables in Synthesis Report" option in "Analysis and Synthesis Settings -> More Settings" to "Off".


+------------------------------------------------------------------------------------------------------------------+
; Parameter Settings for User Entity Instance: RAM1x2:inst6|RAM1x1D:inst|lpm_mux2x1:inst|lpm_mux:lpm_mux_component ;
+------------------------+------------+----------------------------------------------------------------------------+
; Parameter Name         ; Value      ; Type                                                                       ;
+------------------------+------------+----------------------------------------------------------------------------+
; AUTO_CARRY_CHAINS      ; ON         ; AUTO_CARRY                                                                 ;
; IGNORE_CARRY_BUFFERS   ; OFF        ; IGNORE_CARRY                                                               ;
; AUTO_CASCADE_CHAINS    ; ON         ; AUTO_CASCADE                                                               ;
; IGNORE_CASCADE_BUFFERS ; OFF        ; IGNORE_CASCADE                                                             ;
; LPM_WIDTH              ; 1          ; Untyped                                                                    ;
; LPM_SIZE               ; 2          ; Untyped                                                                    ;
; LPM_WIDTHS             ; 1          ; Untyped                                                                    ;
; LPM_PIPELINE           ; 0          ; Untyped                                                                    ;
; CBXI_PARAMETER         ; mux_nnc    ; Untyped                                                                    ;
; DEVICE_FAMILY          ; Stratix II ; Untyped                                                                    ;
+------------------------+------------+----------------------------------------------------------------------------+
Note: In order to hide this table in the UI and the text report file, please set the "Show Parameter Settings Tables in Synthesis Report" option in "Analysis and Synthesis Settings -> More Settings" to "Off".


+-------------------------------------------------------------------------------------------------------------------+
; Parameter Settings for User Entity Instance: RAM1x2:inst6|RAM1x1D:inst1|lpm_mux2x1:inst|lpm_mux:lpm_mux_component ;
+------------------------+------------+-----------------------------------------------------------------------------+
; Parameter Name         ; Value      ; Type                                                                        ;
+------------------------+------------+-----------------------------------------------------------------------------+
; AUTO_CARRY_CHAINS      ; ON         ; AUTO_CARRY                                                                  ;
; IGNORE_CARRY_BUFFERS   ; OFF        ; IGNORE_CARRY                                                                ;
; AUTO_CASCADE_CHAINS    ; ON         ; AUTO_CASCADE                                                                ;
; IGNORE_CASCADE_BUFFERS ; OFF        ; IGNORE_CASCADE                                                              ;
; LPM_WIDTH              ; 1          ; Untyped                                                                     ;
; LPM_SIZE               ; 2          ; Untyped                                                                     ;
; LPM_WIDTHS             ; 1          ; Untyped                                                                     ;
; LPM_PIPELINE           ; 0          ; Untyped                                                                     ;
; CBXI_PARAMETER         ; mux_nnc    ; Untyped                                                                     ;
; DEVICE_FAMILY          ; Stratix II ; Untyped                                                                     ;
+------------------------+------------+-----------------------------------------------------------------------------+
Note: In order to hide this table in the UI and the text report file, please set the "Show Parameter Settings Tables in Synthesis Report" option in "Analysis and Synthesis Settings -> More Settings" to "Off".


+-------------------------------+
; Analysis & Synthesis Messages ;
+-------------------------------+
Info: *******************************************************************
Info: Running Quartus II Analysis & Synthesis
    Info: Version 9.1 Build 350 03/24/2010 Service Pack 2 SJ Web Edition
    Info: Processing started: Fri Nov 07 13:25:08 2025
Info: Command: quartus_map --read_settings_files=on --write_settings_files=off Lab2v11 -c Lab2v11
Info: Found 1 design units, including 1 entities, in source file ram5x2.bdf
    Info: Found entity 1: RAM5x2
Info: Found 1 design units, including 1 entities, in source file ram1x2.bdf
    Info: Found entity 1: RAM1x2
Info: Found 1 design units, including 1 entities, in source file ram1x1d.bdf
    Info: Found entity 1: RAM1x1D
Info: Found 1 design units, including 1 entities, in source file ram5x2_3d.bdf
    Info: Found entity 1: RAM5x2_3D
Info: Found 1 design units, including 1 entities, in source file dmx1x2r2.bdf
    Info: Found entity 1: DMX1x2R2
Info: Found 1 design units, including 1 entities, in source file ram10x2a.bdf
    Info: Found entity 1: RAM10x2a
Info: Found 1 design units, including 1 entities, in source file dmx1x2.bdf
    Info: Found entity 1: dmx1x2
Info: Found 1 design units, including 1 entities, in source file ram10x2b.bdf
    Info: Found entity 1: RAM10x2b
Info: Elaborating entity "RAM5x2_3D" for the top level hierarchy
Info: Elaborating entity "RAM1x2" for hierarchy "RAM1x2:inst"
Info: Elaborating entity "RAM1x1D" for hierarchy "RAM1x2:inst|RAM1x1D:inst"
Warning: Using design file lpm_mux2x1.tdf, which is not specified as a design file for the current project, but contains definitions for 1 design units and 1 entities in project
    Info: Found entity 1: lpm_mux2x1
Info: Elaborating entity "lpm_mux2x1" for hierarchy "RAM1x2:inst|RAM1x1D:inst|lpm_mux2x1:inst"
Info: Elaborating entity "lpm_mux" for hierarchy "RAM1x2:inst|RAM1x1D:inst|lpm_mux2x1:inst|lpm_mux:lpm_mux_component"
Info: Elaborated megafunction instantiation "RAM1x2:inst|RAM1x1D:inst|lpm_mux2x1:inst|lpm_mux:lpm_mux_component"
Info: Instantiated megafunction "RAM1x2:inst|RAM1x1D:inst|lpm_mux2x1:inst|lpm_mux:lpm_mux_component" with the following parameter:
    Info: Parameter "LPM_TYPE" = "LPM_MUX"
    Info: Parameter "LPM_WIDTH" = "1"
    Info: Parameter "LPM_SIZE" = "2"
    Info: Parameter "LPM_WIDTHS" = "1"
Info: Found 1 design units, including 1 entities, in source file db/mux_nnc.tdf
    Info: Found entity 1: mux_nnc
Info: Elaborating entity "mux_nnc" for hierarchy "RAM1x2:inst|RAM1x1D:inst|lpm_mux2x1:inst|lpm_mux:lpm_mux_component|mux_nnc:auto_generated"
Warning: Using design file dc1x2.tdf, which is not specified as a design file for the current project, but contains definitions for 1 design units and 1 entities in project
    Info: Found entity 1: dc1x2
Info: Elaborating entity "dc1x2" for hierarchy "dc1x2:inst16"
Info: Elaborating entity "lpm_decode" for hierarchy "dc1x2:inst16|lpm_decode:lpm_decode_component"
Info: Elaborated megafunction instantiation "dc1x2:inst16|lpm_decode:lpm_decode_component"
Info: Instantiated megafunction "dc1x2:inst16|lpm_decode:lpm_decode_component" with the following parameter:
    Info: Parameter "LPM_TYPE" = "LPM_DECODE"
    Info: Parameter "LPM_WIDTH" = "1"
    Info: Parameter "LPM_DECODES" = "2"
Info: Found 1 design units, including 1 entities, in source file db/decode_m7f.tdf
    Info: Found entity 1: decode_m7f
Info: Elaborating entity "decode_m7f" for hierarchy "dc1x2:inst16|lpm_decode:lpm_decode_component|decode_m7f:auto_generated"
Warning: Using design file dc2x4.tdf, which is not specified as a design file for the current project, but contains definitions for 1 design units and 1 entities in project
    Info: Found entity 1: dc2x4
Info: Elaborating entity "dc2x4" for hierarchy "dc2x4:inst10"
Info: Elaborating entity "lpm_decode" for hierarchy "dc2x4:inst10|lpm_decode:lpm_decode_component"
Info: Elaborated megafunction instantiation "dc2x4:inst10|lpm_decode:lpm_decode_component"
Info: Instantiated megafunction "dc2x4:inst10|lpm_decode:lpm_decode_component" with the following parameter:
    Info: Parameter "LPM_TYPE" = "LPM_DECODE"
    Info: Parameter "LPM_WIDTH" = "2"
    Info: Parameter "LPM_DECODES" = "4"
Info: Found 1 design units, including 1 entities, in source file db/decode_p7f.tdf
    Info: Found entity 1: decode_p7f
Info: Elaborating entity "decode_p7f" for hierarchy "dc2x4:inst10|lpm_decode:lpm_decode_component|decode_p7f:auto_generated"
Info: Implemented 30 device resources after synthesis - the final resource count might be different
    Info: Implemented 8 input pins
    Info: Implemented 2 output pins
    Info: Implemented 20 logic cells
Info: Quartus II Analysis & Synthesis was successful. 0 errors, 3 warnings
    Info: Peak virtual memory: 225 megabytes
    Info: Processing ended: Fri Nov 07 13:25:10 2025
    Info: Elapsed time: 00:00:02
    Info: Total CPU time (on all processors): 00:00:02


